[ 2015-12-31T16:23:08+08:00 ] 127.0.0.1 /movie/index.php
INFO: [ app_begin ] --START--
INFO: ReadHtmlCache Behavior ::run [ RunTime:0.287088s ]
INFO: [ app_begin ] --END-- [ RunTime:0.400064s ]
INFO: [ view_parse ] --START--
INFO: ParseTemplate Behavior ::run [ RunTime:0.782228s ]
INFO: [ view_parse ] --END-- [ RunTime:0.782385s ]
INFO: [ view_filter ] --START--
INFO: ContentReplace Behavior ::run [ RunTime:0.172570s ]
INFO: TokenBuild Behavior ::run [ RunTime:0.072797s ]
INFO: WriteHtmlCache Behavior ::run [ RunTime:0.152202s ]
INFO: ShowRuntime Behavior ::run [ RunTime:0.061502s ]
INFO: [ view_filter ] --END-- [ RunTime:0.459506s ]
INFO: [ view_end ] --START--
INFO: ShowPageTrace Behavior ::run [ RunTime:0.044646s ]
INFO: [ view_end ] --END-- [ RunTime:0.044805s ]

[ 2015-12-31T16:23:08+08:00 ] 127.0.0.1 /movie/index.php
INFO: [ app_begin ] --START--
INFO: ReadHtmlCache Behavior ::run [ RunTime:0.287106s ]
INFO: [ app_begin ] --END-- [ RunTime:0.399806s ]
INFO: [ view_parse ] --START--
INFO: ParseTemplate Behavior ::run [ RunTime:0.782456s ]
INFO: [ view_parse ] --END-- [ RunTime:0.782595s ]
INFO: [ view_filter ] --START--
INFO: ContentReplace Behavior ::run [ RunTime:0.172306s ]
INFO: TokenBuild Behavior ::run [ RunTime:0.072402s ]
INFO: WriteHtmlCache Behavior ::run [ RunTime:0.151007s ]
INFO: ShowRuntime Behavior ::run [ RunTime:0.062002s ]
INFO: [ view_filter ] --END-- [ RunTime:0.458162s ]
INFO: [ view_end ] --START--
INFO: ShowPageTrace Behavior ::run [ RunTime:0.045721s ]
INFO: [ view_end ] --END-- [ RunTime:0.045885s ]

[ 2015-12-31T16:23:15+08:00 ] 127.0.0.1 /movie/index.php/Index/Index/getMovieList
INFO: [ route_check ] --START--
INFO: CheckRoute Behavior ::run [ RunTime:0.088445s ]
INFO: [ route_check ] --END-- [ RunTime:0.088615s ]
INFO: [ app_begin ] --START--
INFO: ReadHtmlCache Behavior ::run [ RunTime:0.000715s ]
INFO: [ app_begin ] --END-- [ RunTime:0.000856s ]
SQL: SHOW COLUMNS FROM `mv_article` [ RunTime:0.240699s ]
SQL: SELECT * FROM `mv_article` ORDER BY id DESC  [ RunTime:0.001498s ]

[ 2015-12-31T16:23:15+08:00 ] 127.0.0.1 /movie/index.php/Index/Index/getCate
INFO: [ route_check ] --START--
INFO: CheckRoute Behavior ::run [ RunTime:0.088014s ]
INFO: [ route_check ] --END-- [ RunTime:0.088220s ]
INFO: [ app_begin ] --START--
INFO: ReadHtmlCache Behavior ::run [ RunTime:0.000798s ]
INFO: [ app_begin ] --END-- [ RunTime:0.000936s ]
SQL: SHOW COLUMNS FROM `mv_cate` [ RunTime:0.256306s ]
SQL: SELECT `id`,`name` FROM `mv_cate`  [ RunTime:0.000847s ]

[ 2015-12-31T16:25:15+08:00 ] 127.0.0.1 /movie/index.php
INFO: [ app_begin ] --START--
INFO: ReadHtmlCache Behavior ::run [ RunTime:0.000721s ]
INFO: [ app_begin ] --END-- [ RunTime:0.000857s ]
INFO: [ view_parse ] --START--
INFO: ParseTemplate Behavior ::run [ RunTime:0.011578s ]
INFO: [ view_parse ] --END-- [ RunTime:0.011716s ]
INFO: [ view_filter ] --START--
INFO: ContentReplace Behavior ::run [ RunTime:0.000516s ]
INFO: TokenBuild Behavior ::run [ RunTime:0.000509s ]
INFO: WriteHtmlCache Behavior ::run [ RunTime:0.000342s ]
INFO: ShowRuntime Behavior ::run [ RunTime:0.000549s ]
INFO: [ view_filter ] --END-- [ RunTime:0.002197s ]
INFO: [ view_end ] --START--
INFO: ShowPageTrace Behavior ::run [ RunTime:0.000614s ]
INFO: [ view_end ] --END-- [ RunTime:0.000711s ]

[ 2015-12-31T16:25:17+08:00 ] 127.0.0.1 /movie/index.php/Index/Index/getMovieList
INFO: [ route_check ] --START--
INFO: CheckRoute Behavior ::run [ RunTime:0.000961s ]
INFO: [ route_check ] --END-- [ RunTime:0.001089s ]
INFO: [ app_begin ] --START--
INFO: ReadHtmlCache Behavior ::run [ RunTime:0.000532s ]
INFO: [ app_begin ] --END-- [ RunTime:0.000640s ]
NOTIC: [2] mysql_connect() [<a href='function.mysql-connect'>function.mysql-connect</a>]: [2002] ”…”⁄ƒø±Íº∆À„ª˙ª˝º´æ‹æ¯£¨Œﬁ∑®¡¨Ω”°£
 (trying to connect via tcp://127.0.0.1:3306) D:\allSofeWare\wamp\www\movie\ThinkPHP\Lib\Driver\Db\DbMysql.class.php Á¨¨ 55 Ë°å.
NOTIC: [2] mysql_connect() [<a href='function.mysql-connect'>function.mysql-connect</a>]: ”…”⁄ƒø±Íº∆À„ª˙ª˝º´æ‹æ¯£¨Œﬁ∑®¡¨Ω”°£
 D:\allSofeWare\wamp\www\movie\ThinkPHP\Lib\Driver\Db\DbMysql.class.php Á¨¨ 55 Ë°å.
ERR: ”…”⁄ƒø±Íº∆À„ª˙ª˝º´æ‹æ¯£¨Œﬁ∑®¡¨Ω”°£


[ 2015-12-31T16:25:18+08:00 ] 127.0.0.1 /movie/index.php/Index/Index/getCate
INFO: [ route_check ] --START--
INFO: CheckRoute Behavior ::run [ RunTime:0.000933s ]
INFO: [ route_check ] --END-- [ RunTime:0.001068s ]
INFO: [ app_begin ] --START--
INFO: ReadHtmlCache Behavior ::run [ RunTime:0.000665s ]
INFO: [ app_begin ] --END-- [ RunTime:0.000778s ]
SQL: SHOW COLUMNS FROM `mv_cate` [ RunTime:0.024072s ]
SQL: SELECT `id`,`name` FROM `mv_cate`  [ RunTime:0.001705s ]

[ 2015-12-31T16:25:21+08:00 ] 127.0.0.1 /movie/index.php
INFO: [ app_begin ] --START--
INFO: ReadHtmlCache Behavior ::run [ RunTime:0.000974s ]
INFO: [ app_begin ] --END-- [ RunTime:0.001174s ]
INFO: [ view_parse ] --START--
INFO: ParseTemplate Behavior ::run [ RunTime:0.013504s ]
INFO: [ view_parse ] --END-- [ RunTime:0.013680s ]
INFO: [ view_filter ] --START--
INFO: ContentReplace Behavior ::run [ RunTime:0.000656s ]
INFO: TokenBuild Behavior ::run [ RunTime:0.000615s ]
INFO: WriteHtmlCache Behavior ::run [ RunTime:0.000365s ]
INFO: ShowRuntime Behavior ::run [ RunTime:0.000586s ]
INFO: [ view_filter ] --END-- [ RunTime:0.002534s ]
INFO: [ view_end ] --START--
INFO: ShowPageTrace Behavior ::run [ RunTime:0.000761s ]
INFO: [ view_end ] --END-- [ RunTime:0.000924s ]

[ 2015-12-31T16:25:39+08:00 ] 127.0.0.1 /movie/index.php
INFO: [ app_begin ] --START--
INFO: ReadHtmlCache Behavior ::run [ RunTime:0.000967s ]
INFO: [ app_begin ] --END-- [ RunTime:0.001154s ]
INFO: [ view_parse ] --START--
INFO: ParseTemplate Behavior ::run [ RunTime:0.009343s ]
INFO: [ view_parse ] --END-- [ RunTime:0.009487s ]
INFO: [ view_filter ] --START--
INFO: ContentReplace Behavior ::run [ RunTime:0.000551s ]
INFO: TokenBuild Behavior ::run [ RunTime:0.000503s ]
INFO: WriteHtmlCache Behavior ::run [ RunTime:0.000378s ]
INFO: ShowRuntime Behavior ::run [ RunTime:0.000653s ]
INFO: [ view_filter ] --END-- [ RunTime:0.002377s ]
INFO: [ view_end ] --START--
INFO: ShowPageTrace Behavior ::run [ RunTime:0.000636s ]
INFO: [ view_end ] --END-- [ RunTime:0.000742s ]

[ 2015-12-31T16:25:40+08:00 ] 127.0.0.1 /movie/index.php
INFO: [ app_begin ] --START--
INFO: ReadHtmlCache Behavior ::run [ RunTime:0.000746s ]
INFO: [ app_begin ] --END-- [ RunTime:0.000883s ]
INFO: [ view_parse ] --START--
INFO: ParseTemplate Behavior ::run [ RunTime:0.010808s ]
INFO: [ view_parse ] --END-- [ RunTime:0.010972s ]
INFO: [ view_filter ] --START--
INFO: ContentReplace Behavior ::run [ RunTime:0.000579s ]
INFO: TokenBuild Behavior ::run [ RunTime:0.000535s ]
INFO: WriteHtmlCache Behavior ::run [ RunTime:0.000354s ]
INFO: ShowRuntime Behavior ::run [ RunTime:0.000479s ]
INFO: [ view_filter ] --END-- [ RunTime:0.002264s ]
INFO: [ view_end ] --START--
INFO: ShowPageTrace Behavior ::run [ RunTime:0.002613s ]
INFO: [ view_end ] --END-- [ RunTime:0.002728s ]

[ 2015-12-31T16:25:41+08:00 ] 127.0.0.1 /movie/index.php/Index/Index/getMovieList
INFO: [ route_check ] --START--
INFO: CheckRoute Behavior ::run [ RunTime:0.000856s ]
INFO: [ route_check ] --END-- [ RunTime:0.000984s ]
INFO: [ app_begin ] --START--
INFO: ReadHtmlCache Behavior ::run [ RunTime:0.000519s ]
INFO: [ app_begin ] --END-- [ RunTime:0.000622s ]
SQL: SHOW COLUMNS FROM `mv_article` [ RunTime:0.062040s ]
SQL: SELECT * FROM `mv_article` ORDER BY id DESC  [ RunTime:0.001300s ]

[ 2015-12-31T16:25:41+08:00 ] 127.0.0.1 /movie/index.php/Index/Index/getCate
INFO: [ route_check ] --START--
INFO: CheckRoute Behavior ::run [ RunTime:0.000946s ]
INFO: [ route_check ] --END-- [ RunTime:0.001079s ]
INFO: [ app_begin ] --START--
INFO: ReadHtmlCache Behavior ::run [ RunTime:0.000607s ]
INFO: [ app_begin ] --END-- [ RunTime:0.000721s ]
SQL: SHOW COLUMNS FROM `mv_cate` [ RunTime:0.081169s ]
SQL: SELECT `id`,`name` FROM `mv_cate`  [ RunTime:0.000962s ]

[ 2015-12-31T16:26:48+08:00 ] 127.0.0.1 /movie/index.php/Index/Index/getCate
INFO: [ route_check ] --START--
INFO: CheckRoute Behavior ::run [ RunTime:0.001664s ]
INFO: [ route_check ] --END-- [ RunTime:0.001822s ]
INFO: [ app_begin ] --START--
INFO: ReadHtmlCache Behavior ::run [ RunTime:0.000616s ]
INFO: [ app_begin ] --END-- [ RunTime:0.000726s ]
SQL: SHOW COLUMNS FROM `mv_cate` [ RunTime:0.006284s ]
SQL: SELECT `id`,`name` FROM `mv_cate`  [ RunTime:0.000873s ]

[ 2015-12-31T16:26:48+08:00 ] 127.0.0.1 /movie/index.php/Index/Index/getMovieList
INFO: [ route_check ] --START--
INFO: CheckRoute Behavior ::run [ RunTime:0.000941s ]
INFO: [ route_check ] --END-- [ RunTime:0.001063s ]
INFO: [ app_begin ] --START--
INFO: ReadHtmlCache Behavior ::run [ RunTime:0.000848s ]
INFO: [ app_begin ] --END-- [ RunTime:0.000996s ]
SQL: SHOW COLUMNS FROM `mv_article` [ RunTime:0.006094s ]
SQL: SELECT * FROM `mv_article` ORDER BY id DESC  [ RunTime:0.000637s ]

[ 2015-12-31T16:26:49+08:00 ] 127.0.0.1 /movie/index.php
INFO: [ app_begin ] --START--
INFO: ReadHtmlCache Behavior ::run [ RunTime:0.000534s ]
INFO: [ app_begin ] --END-- [ RunTime:0.000656s ]
INFO: [ view_parse ] --START--
INFO: ParseTemplate Behavior ::run [ RunTime:0.008549s ]
INFO: [ view_parse ] --END-- [ RunTime:0.008682s ]
INFO: [ view_filter ] --START--
INFO: ContentReplace Behavior ::run [ RunTime:0.000499s ]
INFO: TokenBuild Behavior ::run [ RunTime:0.000462s ]
INFO: WriteHtmlCache Behavior ::run [ RunTime:0.000595s ]
INFO: ShowRuntime Behavior ::run [ RunTime:0.000648s ]
INFO: [ view_filter ] --END-- [ RunTime:0.002496s ]
INFO: [ view_end ] --START--
INFO: ShowPageTrace Behavior ::run [ RunTime:0.000653s ]
INFO: [ view_end ] --END-- [ RunTime:0.000754s ]

[ 2015-12-31T16:26:50+08:00 ] 127.0.0.1 /movie/index.php/Index/Index/getMovieList
INFO: [ route_check ] --START--
INFO: CheckRoute Behavior ::run [ RunTime:0.001023s ]
INFO: [ route_check ] --END-- [ RunTime:0.001184s ]
INFO: [ app_begin ] --START--
INFO: ReadHtmlCache Behavior ::run [ RunTime:0.000818s ]
INFO: [ app_begin ] --END-- [ RunTime:0.000993s ]
SQL: SHOW COLUMNS FROM `mv_article` [ RunTime:0.009737s ]
SQL: SELECT * FROM `mv_article` ORDER BY id DESC  [ RunTime:0.001419s ]

[ 2015-12-31T16:26:50+08:00 ] 127.0.0.1 /movie/index.php/Index/Index/getCate
INFO: [ route_check ] --START--
INFO: CheckRoute Behavior ::run [ RunTime:0.000924s ]
INFO: [ route_check ] --END-- [ RunTime:0.001082s ]
INFO: [ app_begin ] --START--
INFO: ReadHtmlCache Behavior ::run [ RunTime:0.000633s ]
INFO: [ app_begin ] --END-- [ RunTime:0.000763s ]
SQL: SHOW COLUMNS FROM `mv_cate` [ RunTime:0.012082s ]
SQL: SELECT `id`,`name` FROM `mv_cate`  [ RunTime:0.000491s ]

[ 2015-12-31T16:27:07+08:00 ] 127.0.0.1 /movie/index.php/admin
INFO: [ route_check ] --START--
INFO: CheckRoute Behavior ::run [ RunTime:0.000811s ]
INFO: [ route_check ] --END-- [ RunTime:0.000942s ]
INFO: [ app_begin ] --START--
INFO: ReadHtmlCache Behavior ::run [ RunTime:0.000964s ]
INFO: [ app_begin ] --END-- [ RunTime:0.001211s ]

[ 2015-12-31T16:27:07+08:00 ] 127.0.0.1 /movie/index.php/admin/Login/Index
INFO: [ route_check ] --START--
INFO: CheckRoute Behavior ::run [ RunTime:0.000725s ]
INFO: [ route_check ] --END-- [ RunTime:0.000847s ]
INFO: [ app_begin ] --START--
INFO: ReadHtmlCache Behavior ::run [ RunTime:0.000500s ]
INFO: [ app_begin ] --END-- [ RunTime:0.000607s ]
INFO: [ view_parse ] --START--
INFO: ParseTemplate Behavior ::run [ RunTime:0.060330s ]
INFO: [ view_parse ] --END-- [ RunTime:0.060475s ]
INFO: [ view_filter ] --START--
INFO: ContentReplace Behavior ::run [ RunTime:0.000504s ]
INFO: TokenBuild Behavior ::run [ RunTime:0.000555s ]
INFO: WriteHtmlCache Behavior ::run [ RunTime:0.000346s ]
INFO: ShowRuntime Behavior ::run [ RunTime:0.000569s ]
INFO: [ view_filter ] --END-- [ RunTime:0.002257s ]
INFO: [ view_end ] --START--
INFO: ShowPageTrace Behavior ::run [ RunTime:0.000706s ]
INFO: [ view_end ] --END-- [ RunTime:0.000806s ]

[ 2015-12-31T16:27:07+08:00 ] 127.0.0.1 /movie/index.php/admin/Login/verify
INFO: [ route_check ] --START--
INFO: CheckRoute Behavior ::run [ RunTime:0.000912s ]
INFO: [ route_check ] --END-- [ RunTime:0.001056s ]
INFO: [ app_begin ] --START--
INFO: ReadHtmlCache Behavior ::run [ RunTime:0.000513s ]
INFO: [ app_begin ] --END-- [ RunTime:0.000625s ]

[ 2015-12-31T16:27:17+08:00 ] 127.0.0.1 /movie/index.php/admin/Login/login
INFO: [ route_check ] --START--
INFO: CheckRoute Behavior ::run [ RunTime:0.000724s ]
INFO: [ route_check ] --END-- [ RunTime:0.000900s ]
INFO: [ app_begin ] --START--
INFO: ReadHtmlCache Behavior ::run [ RunTime:0.000484s ]
INFO: [ app_begin ] --END-- [ RunTime:0.000586s ]
SQL: SHOW COLUMNS FROM `mv_user` [ RunTime:0.053453s ]
SQL: SELECT * FROM `mv_user` WHERE ( `username` = 'thinksley' ) LIMIT 1   [ RunTime:0.001212s ]
SQL: UPDATE `mv_user` SET `logintime`=1451550437,`loginip`='127.0.0.1' WHERE ( `id` = 15 ) [ RunTime:0.124934s ]

[ 2015-12-31T16:27:18+08:00 ] 127.0.0.1 /movie/index.php/admin
INFO: [ route_check ] --START--
INFO: CheckRoute Behavior ::run [ RunTime:0.001170s ]
INFO: [ route_check ] --END-- [ RunTime:0.001332s ]
INFO: [ app_begin ] --START--
INFO: ReadHtmlCache Behavior ::run [ RunTime:0.000571s ]
INFO: [ app_begin ] --END-- [ RunTime:0.000693s ]
INFO: [ view_parse ] --START--
INFO: ParseTemplate Behavior ::run [ RunTime:0.040300s ]
INFO: [ view_parse ] --END-- [ RunTime:0.040428s ]
INFO: [ view_filter ] --START--
INFO: ContentReplace Behavior ::run [ RunTime:0.000471s ]
INFO: TokenBuild Behavior ::run [ RunTime:0.000811s ]
INFO: WriteHtmlCache Behavior ::run [ RunTime:0.000264s ]
INFO: ShowRuntime Behavior ::run [ RunTime:0.000466s ]
INFO: [ view_filter ] --END-- [ RunTime:0.002363s ]
INFO: [ view_end ] --START--
INFO: ShowPageTrace Behavior ::run [ RunTime:0.000528s ]
INFO: [ view_end ] --END-- [ RunTime:0.000628s ]

[ 2015-12-31T16:27:18+08:00 ] 127.0.0.1 /movie/index.php/admin
INFO: [ route_check ] --START--
INFO: CheckRoute Behavior ::run [ RunTime:0.000975s ]
INFO: [ route_check ] --END-- [ RunTime:0.001119s ]
INFO: [ app_begin ] --START--
INFO: ReadHtmlCache Behavior ::run [ RunTime:0.000701s ]
INFO: [ app_begin ] --END-- [ RunTime:0.000835s ]
INFO: [ view_parse ] --START--
INFO: ParseTemplate Behavior ::run [ RunTime:0.011163s ]
INFO: [ view_parse ] --END-- [ RunTime:0.011316s ]
INFO: [ view_filter ] --START--
INFO: ContentReplace Behavior ::run [ RunTime:0.000592s ]
INFO: TokenBuild Behavior ::run [ RunTime:0.000513s ]
INFO: WriteHtmlCache Behavior ::run [ RunTime:0.000370s ]
INFO: ShowRuntime Behavior ::run [ RunTime:0.000566s ]
INFO: [ view_filter ] --END-- [ RunTime:0.002370s ]
INFO: [ view_end ] --START--
INFO: ShowPageTrace Behavior ::run [ RunTime:0.001071s ]
INFO: [ view_end ] --END-- [ RunTime:0.001208s ]

[ 2015-12-31T16:27:19+08:00 ] 127.0.0.1 /movie/index.php/admin/Attribute/index
INFO: [ route_check ] --START--
INFO: CheckRoute Behavior ::run [ RunTime:0.000820s ]
INFO: [ route_check ] --END-- [ RunTime:0.000965s ]
INFO: [ app_begin ] --START--
INFO: ReadHtmlCache Behavior ::run [ RunTime:0.000559s ]
INFO: [ app_begin ] --END-- [ RunTime:0.000680s ]
SQL: SHOW COLUMNS FROM `mv_attr` [ RunTime:0.006499s ]
ERR: 1146:Table 'movie.mv_attr' doesn't exist
 [ SQLËØ≠Âè• ] : SHOW COLUMNS FROM `mv_attr`
SQL: SELECT * FROM `mv_attr`  [ RunTime:0.001083s ]
ERR: 1146:Table 'movie.mv_attr' doesn't exist
 [ SQLËØ≠Âè• ] : SELECT * FROM `mv_attr` 
INFO: [ view_parse ] --START--
INFO: ParseTemplate Behavior ::run [ RunTime:0.035923s ]
INFO: [ view_parse ] --END-- [ RunTime:0.036089s ]
INFO: [ view_filter ] --START--
INFO: ContentReplace Behavior ::run [ RunTime:0.000421s ]
INFO: TokenBuild Behavior ::run [ RunTime:0.000411s ]
INFO: WriteHtmlCache Behavior ::run [ RunTime:0.000272s ]
INFO: ShowRuntime Behavior ::run [ RunTime:0.000503s ]
INFO: [ view_filter ] --END-- [ RunTime:0.001954s ]
INFO: [ view_end ] --START--
INFO: ShowPageTrace Behavior ::run [ RunTime:0.000558s ]
INFO: [ view_end ] --END-- [ RunTime:0.000674s ]

[ 2015-12-31T16:27:20+08:00 ] 127.0.0.1 /movie/index.php/admin/Role/index
INFO: [ route_check ] --START--
INFO: CheckRoute Behavior ::run [ RunTime:0.001338s ]
INFO: [ route_check ] --END-- [ RunTime:0.001564s ]
INFO: [ app_begin ] --START--
INFO: ReadHtmlCache Behavior ::run [ RunTime:0.000899s ]
INFO: [ app_begin ] --END-- [ RunTime:0.001099s ]
SQL: SHOW COLUMNS FROM `mv_role` [ RunTime:0.022652s ]
SQL: SELECT * FROM `mv_role`  [ RunTime:0.001522s ]
INFO: [ view_parse ] --START--
INFO: ParseTemplate Behavior ::run [ RunTime:0.020228s ]
INFO: [ view_parse ] --END-- [ RunTime:0.020380s ]
INFO: [ view_filter ] --START--
INFO: ContentReplace Behavior ::run [ RunTime:0.000400s ]
INFO: TokenBuild Behavior ::run [ RunTime:0.000404s ]
INFO: WriteHtmlCache Behavior ::run [ RunTime:0.000260s ]
INFO: ShowRuntime Behavior ::run [ RunTime:0.000479s ]
INFO: [ view_filter ] --END-- [ RunTime:0.001845s ]
INFO: [ view_end ] --START--
INFO: ShowPageTrace Behavior ::run [ RunTime:0.000627s ]
INFO: [ view_end ] --END-- [ RunTime:0.001352s ]

[ 2015-12-31T16:27:21+08:00 ] 127.0.0.1 /movie/index.php/admin/Role/add
INFO: [ route_check ] --START--
INFO: CheckRoute Behavior ::run [ RunTime:0.000747s ]
INFO: [ route_check ] --END-- [ RunTime:0.000878s ]
INFO: [ app_begin ] --START--
INFO: ReadHtmlCache Behavior ::run [ RunTime:0.000491s ]
INFO: [ app_begin ] --END-- [ RunTime:0.000600s ]
SQL: SHOW COLUMNS FROM `mv_role` [ RunTime:0.006587s ]
SQL: SELECT * FROM `mv_role`  [ RunTime:0.000341s ]
INFO: [ view_parse ] --START--
NOTIC: [8] Undefined variable: list D:\allSofeWare\wamp\www\movie\App\Runtime\Cache\admin\c294cad17bc185c6da2a73a98640714a.php Á¨¨ 10 Ë°å.
NOTIC: [8] Undefined variable: list D:\allSofeWare\wamp\www\movie\App\Runtime\Cache\admin\c294cad17bc185c6da2a73a98640714a.php Á¨¨ 18 Ë°å.
NOTIC: [8] Undefined variable: list D:\allSofeWare\wamp\www\movie\App\Runtime\Cache\admin\c294cad17bc185c6da2a73a98640714a.php Á¨¨ 22 Ë°å.
INFO: ParseTemplate Behavior ::run [ RunTime:0.025846s ]
INFO: [ view_parse ] --END-- [ RunTime:0.025999s ]
INFO: [ view_filter ] --START--
INFO: ContentReplace Behavior ::run [ RunTime:0.000388s ]
INFO: TokenBuild Behavior ::run [ RunTime:0.000385s ]
INFO: WriteHtmlCache Behavior ::run [ RunTime:0.000258s ]
INFO: ShowRuntime Behavior ::run [ RunTime:0.000475s ]
INFO: [ view_filter ] --END-- [ RunTime:0.001813s ]
INFO: [ view_end ] --START--
INFO: ShowPageTrace Behavior ::run [ RunTime:0.000521s ]
INFO: [ view_end ] --END-- [ RunTime:0.000629s ]

